<?xml version="1.0" encoding="UTF-8"?>
<testng-results ignored="0" total="1" passed="1" failed="0" skipped="0">
  <reporter-output>
  </reporter-output>
  <suite started-at="2023-08-26T15:13:53 IST" name="Suite" finished-at="2023-08-26T15:14:06 IST" duration-ms="12720">
    <groups>
    </groups>
    <test started-at="2023-08-26T15:13:53 IST" name="Test" finished-at="2023-08-26T15:14:06 IST" duration-ms="12720">
      <class name="com.testng.Testng">
        <test-method is-config="true" signature="setup()[pri:0, instance:com.testng.Testng@5c30a9b0]" started-at="2023-08-26T15:13:53 IST" name="setup" finished-at="2023-08-26T15:14:00 IST" duration-ms="6302" status="PASS">
          <reporter-output>
          </reporter-output>
        </test-method> <!-- setup -->
        <test-method signature="setup()[pri:0, instance:com.testng.Testng@5c30a9b0]" started-at="2023-08-26T15:14:00 IST" name="setup" finished-at="2023-08-26T15:14:06 IST" duration-ms="5941" status="PASS">
          <reporter-output>
          </reporter-output>
        </test-method> <!-- setup -->
        <test-method is-config="true" signature="close()[pri:0, instance:com.testng.Testng@5c30a9b0]" started-at="2023-08-26T15:14:06 IST" name="close" finished-at="2023-08-26T15:14:06 IST" duration-ms="431" status="PASS">
          <reporter-output>
          </reporter-output>
        </test-method> <!-- close -->
      </class> <!-- com.testng.Testng -->
    </test> <!-- Test -->
  </suite> <!-- Suite -->
</testng-results>
